<?xml version="1.0" encoding="UTF-8"?>
<testsuites tests="1" failures="0" disabled="0" errors="0" time="0.003" timestamp="2025-05-12T20:20:17.013" name="AllTests">
  <testsuite name="PatientTest" tests="1" failures="0" disabled="0" skipped="0" errors="0" time="0." timestamp="2025-05-12T20:20:17.015">
    <testcase name="AddPatientIncreasesListSize" file="D:\CppProjects\PatientDatabaseCLI\tests\PatientTest.cpp" line="4" status="run" result="completed" time="0." timestamp="2025-05-12T20:20:17.015" classname="PatientTest" />
  </testsuite>
</testsuites>
