<?xml version="1.0" encoding="UTF-8"?>
<testsuites tests="1" failures="0" disabled="0" errors="0" time="0." timestamp="2025-06-09T21:10:13.649" name="AllTests">
  <testsuite name="PatientTest" tests="1" failures="0" disabled="0" skipped="0" errors="0" time="0." timestamp="2025-06-09T21:10:13.649">
    <testcase name="InitializesCorrectly" file="D:\CppProjects\PatientDatabaseCLI\tests\PatientTest.cpp" line="16" status="run" result="completed" time="0." timestamp="2025-06-09T21:10:13.649" classname="PatientTest" />
  </testsuite>
</testsuites>
