<?xml version="1.0" encoding="UTF-8"?>
<testsuites tests="17" failures="0" disabled="0" errors="0" time="0.022" timestamp="2025-07-06T20:09:58.311" name="AllTests">
  <testsuite name="PatientInputCollectorTestBDD" tests="2" failures="0" disabled="0" skipped="0" errors="0" time="0." timestamp="2025-07-06T20:09:58.311">
    <testcase name="GivenValidInput_WhenCollectsPatient_ThenReturnCorrectPatient" file="D:\CppProjects\PatientDatabaseCLI\tests\unit\PatientInputCollectorTest.cpp" line="10" status="run" result="completed" time="0." timestamp="2025-07-06T20:09:58.311" classname="PatientInputCollectorTestBDD" />
    <testcase name="GivenPeselPrompt_WhenAskForPesel_ThenReturnCorrectInput" file="D:\CppProjects\PatientDatabaseCLI\tests\unit\PatientInputCollectorTest.cpp" line="36" status="run" result="completed" time="0." timestamp="2025-07-06T20:09:58.312" classname="PatientInputCollectorTestBDD" />
  </testsuite>
  <testsuite name="PatientPrinterTestBDD" tests="3" failures="0" disabled="0" skipped="0" errors="0" time="0." timestamp="2025-07-06T20:09:58.312">
    <testcase name="GivenPatientList_WhenListPatientCalled_ThenShoudlPrintFullData" file="D:\CppProjects\PatientDatabaseCLI\tests\unit\PatientPrinterTest.cpp" line="22" status="run" result="completed" time="0." timestamp="2025-07-06T20:09:58.312" classname="PatientPrinterTestBDD" />
    <testcase name="GivenEmptyPatientList_WhenListPatientsCalled_ThenShouldPrintNoPatientsMessage" file="D:\CppProjects\PatientDatabaseCLI\tests\unit\PatientPrinterTest.cpp" line="39" status="run" result="completed" time="0." timestamp="2025-07-06T20:09:58.312" classname="PatientPrinterTestBDD" />
    <testcase name="GivenMessageString_WhenPrintMessageCalled_ThenShouldOutputGivenText" file="D:\CppProjects\PatientDatabaseCLI\tests\unit\PatientPrinterTest.cpp" line="54" status="run" result="completed" time="0." timestamp="2025-07-06T20:09:58.312" classname="PatientPrinterTestBDD" />
  </testsuite>
  <testsuite name="PatientTestBDD" tests="1" failures="0" disabled="0" skipped="0" errors="0" time="0." timestamp="2025-07-06T20:09:58.313">
    <testcase name="GivenValidData_WhenPatientCreated_ThenFieldsAreInitializedCorrectly" file="D:\CppProjects\PatientDatabaseCLI\tests\unit\PatientTest.cpp" line="8" status="run" result="completed" time="0." timestamp="2025-07-06T20:09:58.313" classname="PatientTestBDD" />
  </testsuite>
  <testsuite name="ValidatorTestBDD" tests="5" failures="0" disabled="0" skipped="0" errors="0" time="0." timestamp="2025-07-06T20:09:58.313">
    <testcase name="GivenEmptyPesel_WhenValidated_ThenReturnFalse" file="D:\CppProjects\PatientDatabaseCLI\tests\unit\ValidatorTest.cpp" line="7" status="run" result="completed" time="0." timestamp="2025-07-06T20:09:58.313" classname="ValidatorTestBDD" />
    <testcase name="GivenTooShortPesel_WhenValidated_ThenReturnFalse" file="D:\CppProjects\PatientDatabaseCLI\tests\unit\ValidatorTest.cpp" line="16" status="run" result="completed" time="0." timestamp="2025-07-06T20:09:58.313" classname="ValidatorTestBDD" />
    <testcase name="GivenTooLongPesel_WhenValidated_ThenReturnFalse" file="D:\CppProjects\PatientDatabaseCLI\tests\unit\ValidatorTest.cpp" line="25" status="run" result="completed" time="0." timestamp="2025-07-06T20:09:58.313" classname="ValidatorTestBDD" />
    <testcase name="GivenPeselWithLetters_WhenValidated_ThenReturnFalse" file="D:\CppProjects\PatientDatabaseCLI\tests\unit\ValidatorTest.cpp" line="34" status="run" result="completed" time="0." timestamp="2025-07-06T20:09:58.313" classname="ValidatorTestBDD" />
    <testcase name="GivenCorrectPesel_WhenValidated_ThenReturnTrue" file="D:\CppProjects\PatientDatabaseCLI\tests\unit\ValidatorTest.cpp" line="43" status="run" result="completed" time="0." timestamp="2025-07-06T20:09:58.313" classname="ValidatorTestBDD" />
  </testsuite>
  <testsuite name="DeletePatientDataFromCsvFileBDD" tests="1" failures="0" disabled="0" skipped="0" errors="0" time="0.003" timestamp="2025-07-06T20:09:58.313">
    <testcase name="GivenCsvWithPatients_WhenDeleteOneByPesel_ThenCSVIsUpdated" file="D:\CppProjects\PatientDatabaseCLI\tests\integration\DeletePatientDataFromCsvFile.cpp" line="16" status="run" result="completed" time="0.003" timestamp="2025-07-06T20:09:58.313" classname="DeletePatientDataFromCsvFileBDD" />
  </testsuite>
  <testsuite name="EditPatientDataInCsvFileBDD" tests="1" failures="0" disabled="0" skipped="0" errors="0" time="0.004" timestamp="2025-07-06T20:09:58.317">
    <testcase name="GivenPatientInCsv_WhenEditByPesel_ThenUpdatedDataIsSaved" file="D:\CppProjects\PatientDatabaseCLI\tests\integration\EditPatientDataInCsvFile.cpp" line="16" status="run" result="completed" time="0.003" timestamp="2025-07-06T20:09:58.317" classname="EditPatientDataInCsvFileBDD" />
  </testsuite>
  <testsuite name="ReadPatientDataFromCsvFileBDD" tests="1" failures="0" disabled="0" skipped="0" errors="0" time="0.003" timestamp="2025-07-06T20:09:58.322">
    <testcase name="GivenPatientDataFromCsvFile_WhenLoaded_ThenReturnCorrectPatients" file="D:\CppProjects\PatientDatabaseCLI\tests\integration\ReadPatientDataFromCsvFile.cpp" line="15" status="run" result="completed" time="0.003" timestamp="2025-07-06T20:09:58.322" classname="ReadPatientDataFromCsvFileBDD" />
  </testsuite>
  <testsuite name="SavePatientDataToCsvFileBDD" tests="1" failures="0" disabled="0" skipped="0" errors="0" time="0.002" timestamp="2025-07-06T20:09:58.325">
    <testcase name="GivenPatient_WhenSavedToCsv_ThenFileContainsCorrectData" file="D:\CppProjects\PatientDatabaseCLI\tests\integration\SavePatientDataToCsvFile.cpp" line="15" status="run" result="completed" time="0.002" timestamp="2025-07-06T20:09:58.325" classname="SavePatientDataToCsvFileBDD" />
  </testsuite>
  <testsuite name="SystemTestBDD_Unique" tests="1" failures="0" disabled="0" skipped="0" errors="0" time="0.003" timestamp="2025-07-06T20:09:58.328">
    <testcase name="RunMenu_SimulateFullCLISession" file="D:\CppProjects\PatientDatabaseCLI\tests\system\RunMenuTest.cpp" line="16" status="run" result="completed" time="0.003" timestamp="2025-07-06T20:09:58.328" classname="SystemTestBDD_Unique" />
  </testsuite>
  <testsuite name="RegressionTestBDD" tests="1" failures="0" disabled="0" skipped="0" errors="0" time="0.001" timestamp="2025-07-06T20:09:58.331">
    <testcase name="checkIfCsvFileCanBeRead" file="D:\CppProjects\PatientDatabaseCLI\tests\regression\CheckIfCsvFileCanBeRead.cpp" line="10" status="run" result="completed" time="0.001" timestamp="2025-07-06T20:09:58.331" classname="RegressionTestBDD" />
  </testsuite>
</testsuites>
