<?xml version="1.0" encoding="UTF-8"?>
<testsuites tests="8" failures="0" disabled="0" errors="0" time="0.001" timestamp="2025-06-28T20:20:12.494" name="AllTests">
  <testsuite name="PatientInputCollectorTestBDD" tests="2" failures="0" disabled="0" skipped="0" errors="0" time="0." timestamp="2025-06-28T20:20:12.495">
    <testcase name="GivenValidInput_WhenCollectsPatient_ThenReturnCorrectPatient" file="D:\CppProjects\PatientDatabaseCLI\tests\unit\PatientInputCollectorTest.cpp" line="9" status="run" result="completed" time="0." timestamp="2025-06-28T20:20:12.495" classname="PatientInputCollectorTestBDD" />
    <testcase name="Given_PeselPrompt_WhenAskForPesel_ThenReturnCorrectInput" file="D:\CppProjects\PatientDatabaseCLI\tests\unit\PatientInputCollectorTest.cpp" line="28" status="run" result="completed" time="0." timestamp="2025-06-28T20:20:12.495" classname="PatientInputCollectorTestBDD" />
  </testsuite>
  <testsuite name="PatientTestBDD" tests="1" failures="0" disabled="0" skipped="0" errors="0" time="0." timestamp="2025-06-28T20:20:12.495">
    <testcase name="GivenValidData_WhenPatientCreated_ThenFieldsAreInitializedCorrectly" file="D:\CppProjects\PatientDatabaseCLI\tests\unit\PatientTest.cpp" line="19" status="run" result="completed" time="0." timestamp="2025-06-28T20:20:12.495" classname="PatientTestBDD" />
  </testsuite>
  <testsuite name="ValidatorTestBDD" tests="5" failures="0" disabled="0" skipped="0" errors="0" time="0." timestamp="2025-06-28T20:20:12.496">
    <testcase name="GivenEmptyPesel_WhenValidated_ThenReturnFalse" file="D:\CppProjects\PatientDatabaseCLI\tests\unit\ValidatorTest.cpp" line="7" status="run" result="completed" time="0." timestamp="2025-06-28T20:20:12.496" classname="ValidatorTestBDD" />
    <testcase name="GivenTooShortPesel_WhenValidated_ThenReturnFalse" file="D:\CppProjects\PatientDatabaseCLI\tests\unit\ValidatorTest.cpp" line="16" status="run" result="completed" time="0." timestamp="2025-06-28T20:20:12.496" classname="ValidatorTestBDD" />
    <testcase name="GivenTooLongPesel_WhenValidated_ThenReturnFalse" file="D:\CppProjects\PatientDatabaseCLI\tests\unit\ValidatorTest.cpp" line="25" status="run" result="completed" time="0." timestamp="2025-06-28T20:20:12.496" classname="ValidatorTestBDD" />
    <testcase name="GivenPeselWithLetters_WhenValidated_ThenReturnFalse" file="D:\CppProjects\PatientDatabaseCLI\tests\unit\ValidatorTest.cpp" line="34" status="run" result="completed" time="0." timestamp="2025-06-28T20:20:12.496" classname="ValidatorTestBDD" />
    <testcase name="GivenCorrectPesel_WhenValidated_ThenReturnTrue" file="D:\CppProjects\PatientDatabaseCLI\tests\unit\ValidatorTest.cpp" line="43" status="run" result="completed" time="0." timestamp="2025-06-28T20:20:12.496" classname="ValidatorTestBDD" />
  </testsuite>
</testsuites>
